<?xml version="1.0" encoding="UTF-8"?>
<!-- Generated by org.testng.reporters.JUnitXMLReporter -->
<testsuite ignored="3" hostname="Gursandeep_Virk" failures="1" tests="26" name="Surefire test" time="225.504" errors="0" timestamp="18 Nov. 2023 06:07:23 GMT">
  <testcase classname="com.naveenautomation.TestPages.AccountPageTest" name="validateIfUserCanFillAffiliateEditForm" time="4.777"/>
  <testcase classname="com.naveenautomation.TestPages.AccountPageTest" name="validateNewspaperSubsciption" time="3.68"/>
  <testcase classname="com.naveenautomation.TestPages.AccountPageTest" name="validateProductReturn" time="3.294"/>
  <testcase classname="com.naveenautomation.TestPages.AccountPageTest" name="validateUserCanUpdatePersonalInfo" time="3.824"/>
  <testcase classname="com.naveenautomation.TestPages.RewardPageTest" name="validateIfUserHasNoRewardPoints" time="2.263"/>
  <testcase classname="com.naveenautomation.TestPages.AddressPageTest" name="validateIfUserCanAddNewAddress" time="14.559">
    <failure type="org.openqa.selenium.NoSuchElementException" message="Cannot locate element with text: Ontario
For documentation on this error, please visit: https://www.seleniumhq.org/exceptions/no_such_element.html
Build info: version: &amp;apos;3.141.59&amp;apos;, revision: &amp;apos;e82be7d358&amp;apos;, time: &amp;apos;2018-11-14T08:17:03&amp;apos;
System info: host: &amp;apos;GURSANDEEP_VIRK&amp;apos;, ip: &amp;apos;10.0.0.61&amp;apos;, os.name: &amp;apos;Windows 11&amp;apos;, os.arch: &amp;apos;amd64&amp;apos;, os.version: &amp;apos;10.0&amp;apos;, java.version: &amp;apos;11.0.16&amp;apos;
Driver info: driver.version: unknown">
      <![CDATA[org.openqa.selenium.NoSuchElementException: Cannot locate element with text: Ontario
For documentation on this error, please visit: https://www.seleniumhq.org/exceptions/no_such_element.html
Build info: version: '3.141.59', revision: 'e82be7d358', time: '2018-11-14T08:17:03'
System info: host: 'GURSANDEEP_VIRK', ip: '10.0.0.61', os.name: 'Windows 11', os.arch: 'amd64', os.version: '10.0', java.version: '11.0.16'
Driver info: driver.version: unknown
at org.openqa.selenium.support.ui.Select.selectByVisibleText(Select.java:147)
at com.naveenautomation.pages.AddressAddPage.selectRegionFromDropDown(AddressAddPage.java:71)
at com.naveenautomation.pages.AddressAddPage.formToAddNewAddress(AddressAddPage.java:82)
at com.naveenautomation.TestPages.AddressPageTest.validateIfUserCanAddNewAddress(AddressPageTest.java:35)
... Removed 30 stack frames]]>
    </failure>
  </testcase> <!-- validateIfUserCanAddNewAddress -->
  <testcase classname="com.naveenautomation.TestPages.SpecialPageTest" name="validateIfUserCanAddProductToCompareList" time="2.698"/>
  <testcase classname="com.naveenautomation.TestPages.AffiliateEditPageTest" name="validateUserFailedToEditAffilateWithNoPayeeInput" time="3.552"/>
  <testcase classname="com.naveenautomation.TestPages.TransactionPageTest" name="validateIfUserHasNotAnyTransaction" time="2.249"/>
  <testcase classname="com.naveenautomation.TestPages.ContactPageTest" name="validateIfContactUsFailedWithLessEnquiryChar" time="2.981"/>
  <testcase classname="com.naveenautomation.TestPages.ContactPageTest" name="validateIfContactUsFailedWithNoEmailInput" time="2.875"/>
  <testcase classname="com.naveenautomation.TestPages.VoucherSuccessPageTest" name="validateIfRequiredFieldsAreEmptyThenUserCannotBuyVoucher" time="3.51"/>
  <testcase classname="com.naveenautomation.TestPages.VoucherSuccessPageTest" name="validateIfUserCanBuyVoucher" time="3.259"/>
  <testcase classname="com.naveenautomation.TestPages.ContactSuccessPageTest" name="validateIfUserCanSuccessfullySubmitEnquiryOnContactUs" time="3.572"/>
  <testcase classname="com.naveenautomation.TestPages.DownloadPageTest" name="validateIfUserHasNotAnyDownloads" time="3.186"/>
  <testcase classname="com.naveenautomation.TestPages.LoginPageTest" name="validateEmailForForgottenPassword" time="1.772"/>
  <testcase classname="com.naveenautomation.TestPages.LoginPageTest" name="validateLoginWithMultipleCredentials" time="1.311"/>
  <testcase classname="com.naveenautomation.TestPages.LoginPageTest" name="validateLoginWithMultipleCredentials" time="2.139"/>
  <testcase classname="com.naveenautomation.TestPages.LoginPageTest" name="validateLoginWithMultipleCredentials" time="1.287"/>
  <testcase classname="com.naveenautomation.TestPages.LoginPageTest" name="validateLoginWithMultipleCredentials" time="1.382"/>
  <testcase classname="com.naveenautomation.TestPages.LoginPageTest" name="validateLoginWithMultipleCredentials" time="1.349"/>
  <testcase classname="com.naveenautomation.TestPages.LoginPageTest" name="validateUserCanLoginWithValidCredentials" time="1.361"/>
  <testcase classname="com.naveenautomation.TestPages.LoginPageTest" name="validateUserCanNotLoginWithInValidCredentials" time="0.846"/>
  <testcase classname="com.naveenautomation.TestPages.LogoutPageTest" name="validateLogoutFunctionality" time="3.019"/>
  <testcase classname="com.naveenautomation.TestPages.MacPageTest" name="validateIfUserCanAddMacToWishList" time="3.36"/>
  <testcase classname="com.naveenautomation.TestPages.OrderHistoryPageTest" name="validateIfUserHasNotAnyOrderHistory" time="2.104"/>
  <testcase classname="com.naveenautomation.TestPages.RecurringPaymentsPageTest" name="validateIfUserHasNoRecurringPayments" time="0.0">
    <ignored/>
  </testcase> <!-- validateIfUserHasNoRecurringPayments -->
  <testcase classname="com.naveenautomation.TestPages.Path33PageTest" name="validateCamerasAsTextAvailable" time="0.0">
    <ignored/>
  </testcase> <!-- validateCamerasAsTextAvailable -->
  <testcase classname="com.naveenautomation.TestPages.Path33PageTest" name="validateIfUserCanAddCanonForComparisonSuccessfully" time="0.0">
    <ignored/>
  </testcase> <!-- validateIfUserCanAddCanonForComparisonSuccessfully -->
</testsuite> <!-- Surefire test -->
