<html>
<head>
<title>TestNG:  Surefire test</title>
<link href="../testng.css" rel="stylesheet" type="text/css" />
<link href="../my-testng.css" rel="stylesheet" type="text/css" />

<style type="text/css">
.log { display: none;} 
.stack-trace { display: none;} 
</style>
<script type="text/javascript">
<!--
function flip(e) {
  current = e.style.display;
  if (current == 'block') {
    e.style.display = 'none';
    return 0;
  }
  else {
    e.style.display = 'block';
    return 1;
  }
}

function toggleBox(szDivId, elem, msg1, msg2)
{
  var res = -1;  if (document.getElementById) {
    res = flip(document.getElementById(szDivId));
  }
  else if (document.all) {
    // this is the way old msie versions work
    res = flip(document.all[szDivId]);
  }
  if(elem) {
    if(res == 0) elem.innerHTML = msg1; else elem.innerHTML = msg2;
  }

}

function toggleAllBoxes() {
  if (document.getElementsByTagName) {
    d = document.getElementsByTagName('div');
    for (i = 0; i < d.length; i++) {
      if (d[i].className == 'log') {
        flip(d[i]);
      }
    }
  }
}

// -->
</script>

</head>
<body>
<h2 align='center'>Surefire test</h2><table border='1' align="center">
<tr>
<td>Tests passed/Failed/Skipped:</td><td>25/1/0</td>
</tr><tr>
<td>Started on:</td><td>Sat Nov 18 01:03:37 EST 2023</td>
</tr>
<tr><td>Total time:</td><td>225 seconds (225504 ms)</td>
</tr><tr>
<td>Included groups:</td><td></td>
</tr><tr>
<td>Excluded groups:</td><td></td>
</tr>
</table><p/>
<small><i>(Hover the method name to see the test class name)</i></small><p/>
<table width='100%' border='1' class='invocation-failed'>
<tr><td colspan='4' align='center'><b>FAILED TESTS</b></td></tr>
<tr><td><b>Test method</b></td>
<td width="30%"><b>Exception</b></td>
<td width="10%"><b>Time (seconds)</b></td>
<td><b>Instance</b></td>
</tr>
<tr>
<td title='com.naveenautomation.TestPages.AddressPageTest.validateIfUserCanAddNewAddress()'><b>validateIfUserCanAddNewAddress</b><br>Test class: com.naveenautomation.TestPages.AddressPageTest</td>
<td><div><pre>org.openqa.selenium.NoSuchElementException: Cannot locate element with text: Ontario
For documentation on this error, please visit: https://www.seleniumhq.org/exceptions/no_such_element.html
Build info: version: &apos;3.141.59&apos;, revision: &apos;e82be7d358&apos;, time: &apos;2018-11-14T08:17:03&apos;
System info: host: &apos;GURSANDEEP_VIRK&apos;, ip: &apos;10.0.0.61&apos;, os.name: &apos;Windows 11&apos;, os.arch: &apos;amd64&apos;, os.version: &apos;10.0&apos;, java.version: &apos;11.0.16&apos;
Driver info: driver.version: unknown
	at org.openqa.selenium.support.ui.Select.selectByVisibleText(Select.java:147)
	at com.naveenautomation.pages.AddressAddPage.selectRegionFromDropDown(AddressAddPage.java:71)
	at com.naveenautomation.pages.AddressAddPage.formToAddNewAddress(AddressAddPage.java:82)
	at com.naveenautomation.TestPages.AddressPageTest.validateIfUserCanAddNewAddress(AddressPageTest.java:35)
... Removed 30 stack frames</pre></div><a href='#' onClick='toggleBox("stack-trace2140650516", this, "Click to show all stack frames", "Click to hide stack frames")'>Click to show all stack frames</a>
<div class='stack-trace' id='stack-trace2140650516'><pre>org.openqa.selenium.NoSuchElementException: Cannot locate element with text: Ontario
For documentation on this error, please visit: https://www.seleniumhq.org/exceptions/no_such_element.html
Build info: version: &apos;3.141.59&apos;, revision: &apos;e82be7d358&apos;, time: &apos;2018-11-14T08:17:03&apos;
System info: host: &apos;GURSANDEEP_VIRK&apos;, ip: &apos;10.0.0.61&apos;, os.name: &apos;Windows 11&apos;, os.arch: &apos;amd64&apos;, os.version: &apos;10.0&apos;, java.version: &apos;11.0.16&apos;
Driver info: driver.version: unknown
	at org.openqa.selenium.support.ui.Select.selectByVisibleText(Select.java:147)
	at com.naveenautomation.pages.AddressAddPage.selectRegionFromDropDown(AddressAddPage.java:71)
	at com.naveenautomation.pages.AddressAddPage.formToAddNewAddress(AddressAddPage.java:82)
	at com.naveenautomation.TestPages.AddressPageTest.validateIfUserCanAddNewAddress(AddressPageTest.java:35)
	at java.base/jdk.internal.reflect.NativeMethodAccessorImpl.invoke0(Native Method)
	at java.base/jdk.internal.reflect.NativeMethodAccessorImpl.invoke(NativeMethodAccessorImpl.java:62)
	at java.base/jdk.internal.reflect.DelegatingMethodAccessorImpl.invoke(DelegatingMethodAccessorImpl.java:43)
	at java.base/java.lang.reflect.Method.invoke(Method.java:566)
	at org.testng.internal.MethodInvocationHelper.invokeMethod(MethodInvocationHelper.java:124)
	at org.testng.internal.Invoker.invokeMethod(Invoker.java:583)
	at org.testng.internal.Invoker.invokeTestMethod(Invoker.java:719)
	at org.testng.internal.Invoker.invokeTestMethods(Invoker.java:989)
	at org.testng.internal.TestMethodWorker.invokeTestMethods(TestMethodWorker.java:125)
	at org.testng.internal.TestMethodWorker.run(TestMethodWorker.java:109)
	at org.testng.TestRunner.privateRun(TestRunner.java:648)
	at org.testng.TestRunner.run(TestRunner.java:505)
	at org.testng.SuiteRunner.runTest(SuiteRunner.java:455)
	at org.testng.SuiteRunner.runSequentially(SuiteRunner.java:450)
	at org.testng.SuiteRunner.privateRun(SuiteRunner.java:415)
	at org.testng.SuiteRunner.run(SuiteRunner.java:364)
	at org.testng.SuiteRunnerWorker.runSuite(SuiteRunnerWorker.java:52)
	at org.testng.SuiteRunnerWorker.run(SuiteRunnerWorker.java:84)
	at org.testng.TestNG.runSuitesSequentially(TestNG.java:1208)
	at org.testng.TestNG.runSuitesLocally(TestNG.java:1137)
	at org.testng.TestNG.runSuites(TestNG.java:1049)
	at org.testng.TestNG.run(TestNG.java:1017)
	at org.apache.maven.surefire.testng.TestNGExecutor.run(TestNGExecutor.java:135)
	at org.apache.maven.surefire.testng.TestNGDirectoryTestSuite.executeMulti(TestNGDirectoryTestSuite.java:193)
	at org.apache.maven.surefire.testng.TestNGDirectoryTestSuite.execute(TestNGDirectoryTestSuite.java:94)
	at org.apache.maven.surefire.testng.TestNGProvider.invoke(TestNGProvider.java:146)
	at org.apache.maven.surefire.booter.ForkedBooter.invokeProviderInSameClassLoader(ForkedBooter.java:384)
	at org.apache.maven.surefire.booter.ForkedBooter.runSuitesInProcess(ForkedBooter.java:345)
	at org.apache.maven.surefire.booter.ForkedBooter.execute(ForkedBooter.java:126)
	at org.apache.maven.surefire.booter.ForkedBooter.main(ForkedBooter.java:418)
</pre></div></td>
<td>14</td>
<td>com.naveenautomation.TestPages.AddressPageTest@7139992f</td></tr>
</table><p>
<table width='100%' border='1' class='invocation-passed'>
<tr><td colspan='4' align='center'><b>PASSED TESTS</b></td></tr>
<tr><td><b>Test method</b></td>
<td width="30%"><b>Exception</b></td>
<td width="10%"><b>Time (seconds)</b></td>
<td><b>Instance</b></td>
</tr>
<tr>
<td title='com.naveenautomation.TestPages.LoginPageTest.validateEmailForForgottenPassword()'><b>validateEmailForForgottenPassword</b><br>Test class: com.naveenautomation.TestPages.LoginPageTest</td>
<td></td>
<td>1</td>
<td>com.naveenautomation.TestPages.LoginPageTest@7eecb5b8</td></tr>
<tr>
<td title='com.naveenautomation.TestPages.ContactPageTest.validateIfContactUsFailedWithLessEnquiryChar()'><b>validateIfContactUsFailedWithLessEnquiryChar</b><br>Test class: com.naveenautomation.TestPages.ContactPageTest</td>
<td></td>
<td>2</td>
<td>com.naveenautomation.TestPages.ContactPageTest@387a8303</td></tr>
<tr>
<td title='com.naveenautomation.TestPages.ContactPageTest.validateIfContactUsFailedWithNoEmailInput()'><b>validateIfContactUsFailedWithNoEmailInput</b><br>Test class: com.naveenautomation.TestPages.ContactPageTest</td>
<td></td>
<td>2</td>
<td>com.naveenautomation.TestPages.ContactPageTest@387a8303</td></tr>
<tr>
<td title='com.naveenautomation.TestPages.VoucherSuccessPageTest.validateIfRequiredFieldsAreEmptyThenUserCannotBuyVoucher()'><b>validateIfRequiredFieldsAreEmptyThenUserCannotBuyVoucher</b><br>Test class: com.naveenautomation.TestPages.VoucherSuccessPageTest</td>
<td></td>
<td>3</td>
<td>com.naveenautomation.TestPages.VoucherSuccessPageTest@71687585</td></tr>
<tr>
<td title='com.naveenautomation.TestPages.MacPageTest.validateIfUserCanAddMacToWishList()'><b>validateIfUserCanAddMacToWishList</b><br>Test class: com.naveenautomation.TestPages.MacPageTest</td>
<td></td>
<td>3</td>
<td>com.naveenautomation.TestPages.MacPageTest@57db2b13</td></tr>
<tr>
<td title='com.naveenautomation.TestPages.SpecialPageTest.validateIfUserCanAddProductToCompareList()'><b>validateIfUserCanAddProductToCompareList</b><br>Test class: com.naveenautomation.TestPages.SpecialPageTest</td>
<td></td>
<td>2</td>
<td>com.naveenautomation.TestPages.SpecialPageTest@5c7bfdc1</td></tr>
<tr>
<td title='com.naveenautomation.TestPages.VoucherSuccessPageTest.validateIfUserCanBuyVoucher()'><b>validateIfUserCanBuyVoucher</b><br>Test class: com.naveenautomation.TestPages.VoucherSuccessPageTest</td>
<td></td>
<td>3</td>
<td>com.naveenautomation.TestPages.VoucherSuccessPageTest@71687585</td></tr>
<tr>
<td title='com.naveenautomation.TestPages.AccountPageTest.validateIfUserCanFillAffiliateEditForm()'><b>validateIfUserCanFillAffiliateEditForm</b><br>Test class: com.naveenautomation.TestPages.AccountPageTest</td>
<td></td>
<td>4</td>
<td>com.naveenautomation.TestPages.AccountPageTest@47caedad</td></tr>
<tr>
<td title='com.naveenautomation.TestPages.ContactSuccessPageTest.validateIfUserCanSuccessfullySubmitEnquiryOnContactUs()'><b>validateIfUserCanSuccessfullySubmitEnquiryOnContactUs</b><br>Test class: com.naveenautomation.TestPages.ContactSuccessPageTest</td>
<td></td>
<td>3</td>
<td>com.naveenautomation.TestPages.ContactSuccessPageTest@28cda624</td></tr>
<tr>
<td title='com.naveenautomation.TestPages.RewardPageTest.validateIfUserHasNoRewardPoints()'><b>validateIfUserHasNoRewardPoints</b><br>Test class: com.naveenautomation.TestPages.RewardPageTest</td>
<td></td>
<td>2</td>
<td>com.naveenautomation.TestPages.RewardPageTest@5c86a017</td></tr>
<tr>
<td title='com.naveenautomation.TestPages.DownloadPageTest.validateIfUserHasNotAnyDownloads()'><b>validateIfUserHasNotAnyDownloads</b><br>Test class: com.naveenautomation.TestPages.DownloadPageTest</td>
<td></td>
<td>3</td>
<td>com.naveenautomation.TestPages.DownloadPageTest@1500b2f3</td></tr>
<tr>
<td title='com.naveenautomation.TestPages.OrderHistoryPageTest.validateIfUserHasNotAnyOrderHistory()'><b>validateIfUserHasNotAnyOrderHistory</b><br>Test class: com.naveenautomation.TestPages.OrderHistoryPageTest</td>
<td></td>
<td>2</td>
<td>com.naveenautomation.TestPages.OrderHistoryPageTest@475c9c31</td></tr>
<tr>
<td title='com.naveenautomation.TestPages.TransactionPageTest.validateIfUserHasNotAnyTransaction()'><b>validateIfUserHasNotAnyTransaction</b><br>Test class: com.naveenautomation.TestPages.TransactionPageTest</td>
<td></td>
<td>2</td>
<td>com.naveenautomation.TestPages.TransactionPageTest@5276d6ee</td></tr>
<tr>
<td title='com.naveenautomation.TestPages.LoginPageTest.validateLoginWithMultipleCredentials()'><b>validateLoginWithMultipleCredentials</b><br>Test class: com.naveenautomation.TestPages.LoginPageTest<br>Parameters: mandy345@gmail.com, abcd@123</td>
<td></td>
<td>1</td>
<td>com.naveenautomation.TestPages.LoginPageTest@7eecb5b8</td></tr>
<tr>
<td title='com.naveenautomation.TestPages.LoginPageTest.validateLoginWithMultipleCredentials()'><b>validateLoginWithMultipleCredentials</b><br>Test class: com.naveenautomation.TestPages.LoginPageTest<br>Parameters: sarkaria001@gmail.com, singh@4567</td>
<td></td>
<td>2</td>
<td>com.naveenautomation.TestPages.LoginPageTest@7eecb5b8</td></tr>
<tr>
<td title='com.naveenautomation.TestPages.LoginPageTest.validateLoginWithMultipleCredentials()'><b>validateLoginWithMultipleCredentials</b><br>Test class: com.naveenautomation.TestPages.LoginPageTest<br>Parameters: sandeepkaur1@gmail.com, sandy</td>
<td></td>
<td>1</td>
<td>com.naveenautomation.TestPages.LoginPageTest@7eecb5b8</td></tr>
<tr>
<td title='com.naveenautomation.TestPages.LoginPageTest.validateLoginWithMultipleCredentials()'><b>validateLoginWithMultipleCredentials</b><br>Test class: com.naveenautomation.TestPages.LoginPageTest<br>Parameters: gurjapvirk@gmail.com, gurjap</td>
<td></td>
<td>1</td>
<td>com.naveenautomation.TestPages.LoginPageTest@7eecb5b8</td></tr>
<tr>
<td title='com.naveenautomation.TestPages.LoginPageTest.validateLoginWithMultipleCredentials()'><b>validateLoginWithMultipleCredentials</b><br>Test class: com.naveenautomation.TestPages.LoginPageTest<br>Parameters: suryaprakasha@live.in, goppa1234</td>
<td></td>
<td>1</td>
<td>com.naveenautomation.TestPages.LoginPageTest@7eecb5b8</td></tr>
<tr>
<td title='com.naveenautomation.TestPages.LogoutPageTest.validateLogoutFunctionality()'><b>validateLogoutFunctionality</b><br>Test class: com.naveenautomation.TestPages.LogoutPageTest</td>
<td></td>
<td>3</td>
<td>com.naveenautomation.TestPages.LogoutPageTest@126253fd</td></tr>
<tr>
<td title='com.naveenautomation.TestPages.AccountPageTest.validateNewspaperSubsciption()'><b>validateNewspaperSubsciption</b><br>Test class: com.naveenautomation.TestPages.AccountPageTest</td>
<td></td>
<td>3</td>
<td>com.naveenautomation.TestPages.AccountPageTest@47caedad</td></tr>
<tr>
<td title='com.naveenautomation.TestPages.AccountPageTest.validateProductReturn()'><b>validateProductReturn</b><br>Test class: com.naveenautomation.TestPages.AccountPageTest</td>
<td></td>
<td>3</td>
<td>com.naveenautomation.TestPages.AccountPageTest@47caedad</td></tr>
<tr>
<td title='com.naveenautomation.TestPages.LoginPageTest.validateUserCanLoginWithValidCredentials()'><b>validateUserCanLoginWithValidCredentials</b><br>Test class: com.naveenautomation.TestPages.LoginPageTest</td>
<td></td>
<td>1</td>
<td>com.naveenautomation.TestPages.LoginPageTest@7eecb5b8</td></tr>
<tr>
<td title='com.naveenautomation.TestPages.LoginPageTest.validateUserCanNotLoginWithInValidCredentials()'><b>validateUserCanNotLoginWithInValidCredentials</b><br>Test class: com.naveenautomation.TestPages.LoginPageTest</td>
<td></td>
<td>0</td>
<td>com.naveenautomation.TestPages.LoginPageTest@7eecb5b8</td></tr>
<tr>
<td title='com.naveenautomation.TestPages.AccountPageTest.validateUserCanUpdatePersonalInfo()'><b>validateUserCanUpdatePersonalInfo</b><br>Test class: com.naveenautomation.TestPages.AccountPageTest</td>
<td></td>
<td>3</td>
<td>com.naveenautomation.TestPages.AccountPageTest@47caedad</td></tr>
<tr>
<td title='com.naveenautomation.TestPages.AffiliateEditPageTest.validateUserFailedToEditAffilateWithNoPayeeInput()'><b>validateUserFailedToEditAffilateWithNoPayeeInput</b><br>Test class: com.naveenautomation.TestPages.AffiliateEditPageTest</td>
<td></td>
<td>3</td>
<td>com.naveenautomation.TestPages.AffiliateEditPageTest@69504ae9</td></tr>
</table><p>
</body>
</html>