<?xml version="1.0" encoding="UTF-8"?>
<!-- Generated by org.testng.reporters.JUnitXMLReporter -->
<testsuite ignored="0" hostname="Gursandeep_Virk" failures="1" tests="18" name="Test" time="198.925" errors="0" timestamp="2023-11-06T14:56:57 EST">
  <testcase classname="com.naveenautomation.TestPages.AccountPageTest" name="validateNewspaperSubsciption" time="6.429"/>
  <testcase classname="com.naveenautomation.TestPages.AccountPageTest" name="validateProductReturn" time="6.927"/>
  <testcase classname="com.naveenautomation.TestPages.AccountPageTest" name="validateUserCanUpdatePersonalInfo" time="3.997"/>
  <testcase classname="com.naveenautomation.TestPages.AddressPageTest" name="validateIfUserCanAddNewAddress" time="7.901"/>
  <testcase classname="com.naveenautomation.TestPages.LogoutPageTest" name="validateLogoutFunctionality" time="5.994"/>
  <testcase classname="com.naveenautomation.TestPages.LoginPageTest" name="validateEmailForForgottenPassword" time="1.662"/>
  <testcase classname="com.naveenautomation.TestPages.LoginPageTest" name="validateLoginWithMultipleCredentials" time="11.045">
    <skipped/>
  </testcase> <!-- validateLoginWithMultipleCredentials -->
  <testcase classname="com.naveenautomation.TestPages.LoginPageTest" name="validateLoginWithMultipleCredentials" time="11.058">
    <failure type="org.openqa.selenium.NoSuchElementException" message="no such element: Unable to locate element: {&amp;quot;method&amp;quot;:&amp;quot;css selector&amp;quot;,&amp;quot;selector&amp;quot;:&amp;quot;#content&amp;gt;h2:first-of-type&amp;quot;}
  (Session info: headless chrome=118.0.5993.120)
For documentation on this error, please visit: https://www.seleniumhq.org/exceptions/no_such_element.html
Build info: version: &amp;apos;3.141.59&amp;apos;, revision: &amp;apos;e82be7d358&amp;apos;, time: &amp;apos;2018-11-14T08:17:03&amp;apos;
System info: host: &amp;apos;GURSANDEEP_VIRK&amp;apos;, ip: &amp;apos;172.20.10.2&amp;apos;, os.name: &amp;apos;Windows 11&amp;apos;, os.arch: &amp;apos;amd64&amp;apos;, os.version: &amp;apos;10.0&amp;apos;, java.version: &amp;apos;17.0.7&amp;apos;
Driver info: org.openqa.selenium.remote.RemoteWebDriver
Capabilities {acceptInsecureCerts: false, browserName: chrome, browserVersion: 118.0.5993.120, chrome: {chromedriverVersion: 118.0.5993.70 (e52f33f30b91..., userDataDir: C:\Users\gurja\AppData\Loca...}, fedcm:accounts: true, goog:chromeOptions: {debuggerAddress: localhost:52146}, javascriptEnabled: true, networkConnectionEnabled: false, pageLoadStrategy: normal, platform: XP, platformName: XP, proxy: Proxy(), se:bidiEnabled: false, se:cdp: ws://172.20.10.2:4444/sessi..., se:cdpVersion: 118.0.5993.120, setWindowRect: true, strictFileInteractability: false, timeouts: {implicit: 0, pageLoad: 300000, script: 30000}, unhandledPromptBehavior: dismiss and notify, webauthn:extension:credBlob: true, webauthn:extension:largeBlob: true, webauthn:extension:minPinLength: true, webauthn:extension:prf: true, webauthn:virtualAuthenticators: true}
Session ID: 5a90d5e853375ca5c72a2c0b47a36596
*** Element info: {Using=css selector, value=#content&amp;gt;h2:first-of-type}">
      <![CDATA[org.openqa.selenium.NoSuchElementException: no such element: Unable to locate element: {"method":"css selector","selector":"#content>h2:first-of-type"}
  (Session info: headless chrome=118.0.5993.120)
For documentation on this error, please visit: https://www.seleniumhq.org/exceptions/no_such_element.html
Build info: version: '3.141.59', revision: 'e82be7d358', time: '2018-11-14T08:17:03'
System info: host: 'GURSANDEEP_VIRK', ip: '172.20.10.2', os.name: 'Windows 11', os.arch: 'amd64', os.version: '10.0', java.version: '17.0.7'
Driver info: org.openqa.selenium.remote.RemoteWebDriver
Capabilities {acceptInsecureCerts: false, browserName: chrome, browserVersion: 118.0.5993.120, chrome: {chromedriverVersion: 118.0.5993.70 (e52f33f30b91..., userDataDir: C:\Users\gurja\AppData\Loca...}, fedcm:accounts: true, goog:chromeOptions: {debuggerAddress: localhost:52146}, javascriptEnabled: true, networkConnectionEnabled: false, pageLoadStrategy: normal, platform: XP, platformName: XP, proxy: Proxy(), se:bidiEnabled: false, se:cdp: ws://172.20.10.2:4444/sessi..., se:cdpVersion: 118.0.5993.120, setWindowRect: true, strictFileInteractability: false, timeouts: {implicit: 0, pageLoad: 300000, script: 30000}, unhandledPromptBehavior: dismiss and notify, webauthn:extension:credBlob: true, webauthn:extension:largeBlob: true, webauthn:extension:minPinLength: true, webauthn:extension:prf: true, webauthn:virtualAuthenticators: true}
Session ID: 5a90d5e853375ca5c72a2c0b47a36596
*** Element info: {Using=css selector, value=#content>h2:first-of-type}
at org.openqa.selenium.remote.http.W3CHttpResponseCodec.createException(W3CHttpResponseCodec.java:187)
at org.openqa.selenium.remote.http.W3CHttpResponseCodec.decode(W3CHttpResponseCodec.java:122)
at org.openqa.selenium.remote.http.W3CHttpResponseCodec.decode(W3CHttpResponseCodec.java:49)
at org.openqa.selenium.remote.HttpCommandExecutor.execute(HttpCommandExecutor.java:158)
at org.openqa.selenium.remote.RemoteWebDriver.execute(RemoteWebDriver.java:552)
at org.openqa.selenium.remote.RemoteWebDriver.findElement(RemoteWebDriver.java:323)
at org.openqa.selenium.remote.RemoteWebDriver.findElementByCssSelector(RemoteWebDriver.java:420)
at org.openqa.selenium.By$ByCssSelector.findElement(By.java:431)
at org.openqa.selenium.remote.RemoteWebDriver.findElement(RemoteWebDriver.java:315)
at org.openqa.selenium.support.events.EventFiringWebDriver.lambda$new$1(EventFiringWebDriver.java:105)
at jdk.proxy2/jdk.proxy2.$Proxy12.findElement(Unknown Source)
at org.openqa.selenium.support.events.EventFiringWebDriver.findElement(EventFiringWebDriver.java:194)
at org.openqa.selenium.support.pagefactory.DefaultElementLocator.findElement(DefaultElementLocator.java:69)
at org.openqa.selenium.support.pagefactory.internal.LocatingElementHandler.invoke(LocatingElementHandler.java:38)
at jdk.proxy2/jdk.proxy2.$Proxy16.getText(Unknown Source)
at com.naveenautomation.pages.AccountPage.getMyAccountText(AccountPage.java:51)
at com.naveenautomation.TestPages.LoginPageTest.validateLoginWithMultipleCredentials(LoginPageTest.java:53)
at java.base/java.util.ArrayList.forEach(ArrayList.java:1511)
... Removed 35 stack frames]]>
    </failure>
  </testcase> <!-- validateLoginWithMultipleCredentials -->
  <testcase classname="com.naveenautomation.TestPages.LoginPageTest" name="validateLoginWithMultipleCredentials" time="1.702"/>
  <testcase classname="com.naveenautomation.TestPages.LoginPageTest" name="validateLoginWithMultipleCredentials" time="1.652"/>
  <testcase classname="com.naveenautomation.TestPages.LoginPageTest" name="validateLoginWithMultipleCredentials" time="1.704"/>
  <testcase classname="com.naveenautomation.TestPages.LoginPageTest" name="validateLoginWithMultipleCredentials" time="1.692"/>
  <testcase classname="com.naveenautomation.TestPages.LoginPageTest" name="validateUserCanLoginWithValidCredentials" time="1.594"/>
  <testcase classname="com.naveenautomation.TestPages.LoginPageTest" name="validateUserCanNotLoginWithInValidCredentials" time="1.255"/>
  <testcase classname="com.naveenautomation.TestPages.DownloadPageTest" name="validateIfUserHasNotAnyDownloads" time="2.612"/>
  <testcase classname="com.naveenautomation.TestPages.SpecialPageTest" name="validateIfUserCanAddProductToCompareList" time="3.062"/>
  <testcase classname="com.naveenautomation.TestPages.MacPageTest" name="validateIfUserCanAddMacToWishList" time="3.274"/>
  <testcase classname="com.naveenautomation.TestPages.VoucherSuccessPageTest" name="validateIfUserCanBuyVoucher" time="4.025"/>
</testsuite> <!-- Test -->
